0 silly input [ 'publish' ]
1 silly flags { _: [ 'publish' ], 'reject-cycles': false, rejectCycles: false }
2 verbose rootPath /Users/wangyongdong/enochjs/lerna-demo
3 info version 2.11.0
4 silly isInitialized
5 silly isInitialized true
6 silly existsSync /Users/wangyongdong/enochjs/lerna-demo/VERSION
7 silly initialize attempt
8 info current version 0.0.1
9 silly isDetachedHead
10 silly getCurrentBranch
11 verbose getCurrentBranch master
12 verbose isDetachedHead false
13 silly getCurrentBranch
14 verbose getCurrentBranch master
15 silly getUpdates
16 info Checking for updated packages...
17 silly hasTags
18 verbose hasTags true
19 silly getLastTag
20 verbose getLastTag v0.0.1
21 info Comparing with v0.0.1.
22 silly diffSinceIn v0.0.1 packages/module1
23 silly diff packages/module1/hello.js
23 silly diff packages/module1/package.json
24 silly diffSinceIn v0.0.1 packages/module2
25 silly diff
26 verbose updated module1
27 info Checking for prereleased packages...
28 silly collectDependents
29 silly isPackageDependentOf module1 module1
30 silly isPackageDependentOf module2 module1
31 silly collectUpdates
32 verbose has filtered update module1
33 silly initialize success
34 silly execute attempt
35 silly addFile /Users/wangyongdong/enochjs/lerna-demo/lerna.json
36 silly runScriptSync preversion undefined
37 silly runScriptSync preversion module1
38 silly runScriptSync version module1
39 silly runScriptSync version undefined
40 silly addFile /Users/wangyongdong/enochjs/lerna-demo/packages/module1/package.json
41 silly commit v0.0.2
42 verbose commit [ 'commit', '--no-verify', '-m', 'v0.0.2' ]
43 silly addTag v0.0.2
44 silly runScriptSync postversion module1
45 silly runScriptSync postversion undefined
46 info publish Publishing packages to npm...
47 silly existsSync /Users/wangyongdong/enochjs/lerna-demo/packages/module1/scripts/prepublish.js
48 verbose execScript No prepublish script found at /Users/wangyongdong/enochjs/lerna-demo/packages/module1/scripts/prepublish.js
49 verbose publishing module1
50 silly publishTaggedInDir latest module1
51 silly getExecOpts { cwd: '/Users/wangyongdong/enochjs/lerna-demo/packages/module1' }
52 error publish Retrying failed publish: module1
53 verbose publish error undefined
54 verbose publishing module1
55 silly publishTaggedInDir latest module1
56 silly getExecOpts { cwd: '/Users/wangyongdong/enochjs/lerna-demo/packages/module1' }
57 error publish Retrying failed publish: module1
58 verbose publish error undefined
59 verbose publishing module1
60 silly publishTaggedInDir latest module1
61 silly getExecOpts { cwd: '/Users/wangyongdong/enochjs/lerna-demo/packages/module1' }
62 error publish Retrying failed publish: module1
63 verbose publish error undefined
64 verbose publishing module1
65 silly publishTaggedInDir latest module1
66 silly getExecOpts { cwd: '/Users/wangyongdong/enochjs/lerna-demo/packages/module1' }
67 error publish Retrying failed publish: module1
68 verbose publish error undefined
69 verbose publishing module1
70 silly publishTaggedInDir latest module1
71 silly getExecOpts { cwd: '/Users/wangyongdong/enochjs/lerna-demo/packages/module1' }
72 error publish Ran out of retries while publishing module1 Error: Command failed: npm publish --tag latest
72 error publish npm ERR! Darwin 17.6.0
72 error publish npm ERR! argv "/Users/wangyongdong/.nvm/versions/node/v6.9.1/bin/node" "/Users/wangyongdong/.nvm/versions/node/v6.9.1/bin/npm" "publish" "--tag" "latest"
72 error publish npm ERR! node v6.9.1
72 error publish npm ERR! npm  v3.10.8
72 error publish npm ERR! code ENEEDAUTH
72 error publish
72 error publish npm ERR! need auth auth required for publishing
72 error publish npm ERR! need auth You need to authorize this machine using `npm adduser`
72 error publish
72 error publish npm ERR! Please include the following file with any support request:
72 error publish npm ERR!     /Users/wangyongdong/enochjs/lerna-demo/packages/module1/npm-debug.log
72 error publish
72 error publish     at Promise.all.then.arr (/Users/wangyongdong/.nvm/versions/node/v6.9.1/lib/node_modules/lerna/node_modules/execa/index.js:236:11)
72 error publish     at process._tickCallback (internal/process/next_tick.js:103:7)
73 error execute callback with error
74 error Error: Command failed: npm publish --tag latest
74 error npm ERR! Darwin 17.6.0
74 error npm ERR! argv "/Users/wangyongdong/.nvm/versions/node/v6.9.1/bin/node" "/Users/wangyongdong/.nvm/versions/node/v6.9.1/bin/npm" "publish" "--tag" "latest"
74 error npm ERR! node v6.9.1
74 error npm ERR! npm  v3.10.8
74 error npm ERR! code ENEEDAUTH
74 error
74 error npm ERR! need auth auth required for publishing
74 error npm ERR! need auth You need to authorize this machine using `npm adduser`
74 error
74 error npm ERR! Please include the following file with any support request:
74 error npm ERR!     /Users/wangyongdong/enochjs/lerna-demo/packages/module1/npm-debug.log
74 error
74 error     at Promise.all.then.arr (/Users/wangyongdong/.nvm/versions/node/v6.9.1/lib/node_modules/lerna/node_modules/execa/index.js:236:11)
